Making first request without resumption token
First request SUCCESSFUL, using resumption tokens going forward.
Saving current object at 0.xml
Time: 2018_06_21_01_31_47, Resumption Token: 2756890|1001
Request SUCCESSFUL using Resumption Token 2756890|1001
Saving current object at 1.xml
Time: 2018_06_21_01_32_09, Resumption Token: 2756890|2001
Request SUCCESSFUL using Resumption Token 2756890|2001
Saving current object at 2.xml
Time: 2018_06_21_01_32_30, Resumption Token: 2756890|3001
Request SUCCESSFUL using Resumption Token 2756890|3001
Saving current object at 3.xml
Time: 2018_06_21_01_32_52, Resumption Token: 2756890|4001
Request SUCCESSFUL using Resumption Token 2756890|4001
Saving current object at 4.xml
Time: 2018_06_21_01_33_14, Resumption Token: 2756890|5001
Request SUCCESSFUL using Resumption Token 2756890|5001
Saving current object at 5.xml
Time: 2018_06_21_01_33_35, Resumption Token: 2756890|6001
Request SUCCESSFUL using Resumption Token 2756890|6001
Saving current object at 6.xml
Time: 2018_06_21_01_33_56, Resumption Token: 2756890|7001
Request SUCCESSFUL using Resumption Token 2756890|7001
Saving current object at 7.xml
Time: 2018_06_21_01_34_18, Resumption Token: 2756890|8001
Request SUCCESSFUL using Resumption Token 2756890|8001
Saving current object at 8.xml
Time: 2018_06_21_01_34_39, Resumption Token: 2756890|9001
Request SUCCESSFUL using Resumption Token 2756890|9001
Saving current object at 9.xml
Time: 2018_06_21_01_35_00, Resumption Token: 2756890|10001
Request SUCCESSFUL using Resumption Token 2756890|10001
Saving current object at 10.xml
Time: 2018_06_21_01_35_22, Resumption Token: 2756890|11001
Request SUCCESSFUL using Resumption Token 2756890|11001
Saving current object at 11.xml
Time: 2018_06_21_01_35_45, Resumption Token: 2756890|12001
Request SUCCESSFUL using Resumption Token 2756890|12001
Saving current object at 12.xml
Time: 2018_06_21_01_36_08, Resumption Token: 2756890|13001
Request SUCCESSFUL using Resumption Token 2756890|13001
Saving current object at 13.xml
Time: 2018_06_21_01_36_28, Resumption Token: 2756890|14001
Request SUCCESSFUL using Resumption Token 2756890|14001
Saving current object at 14.xml
Time: 2018_06_21_01_36_49, Resumption Token: 2756890|15001
Request SUCCESSFUL using Resumption Token 2756890|15001
Saving current object at 15.xml
Time: 2018_06_21_01_37_10, Resumption Token: 2756890|16001
Request SUCCESSFUL using Resumption Token 2756890|16001
Saving current object at 16.xml
Time: 2018_06_21_01_37_32, Resumption Token: 2756890|17001
Request SUCCESSFUL using Resumption Token 2756890|17001
Saving current object at 17.xml
Time: 2018_06_21_01_37_53, Resumption Token: 2756890|18001
Request SUCCESSFUL using Resumption Token 2756890|18001
Saving current object at 18.xml
Time: 2018_06_21_01_38_15, Resumption Token: 2756890|19001
Request SUCCESSFUL using Resumption Token 2756890|19001
Saving current object at 19.xml
Time: 2018_06_21_01_38_36, Resumption Token: 2756890|20001
Request SUCCESSFUL using Resumption Token 2756890|20001
Saving current object at 20.xml
Time: 2018_06_21_01_38_58, Resumption Token: 2756890|21001
Request SUCCESSFUL using Resumption Token 2756890|21001
Saving current object at 21.xml
Time: 2018_06_21_01_39_19, Resumption Token: 2756890|22001
Request SUCCESSFUL using Resumption Token 2756890|22001
Saving current object at 22.xml
Time: 2018_06_21_01_39_40, Resumption Token: 2756890|23001
Request SUCCESSFUL using Resumption Token 2756890|23001
Saving current object at 23.xml
Time: 2018_06_21_01_40_02, Resumption Token: 2756890|24001
Request SUCCESSFUL using Resumption Token 2756890|24001
Saving current object at 24.xml
Time: 2018_06_21_01_40_24, Resumption Token: 2756890|25001
Request SUCCESSFUL using Resumption Token 2756890|25001
Saving current object at 25.xml
Time: 2018_06_21_01_40_46, Resumption Token: 2756890|26001
Request SUCCESSFUL using Resumption Token 2756890|26001
Saving current object at 26.xml
Time: 2018_06_21_01_41_10, Resumption Token: 2756890|27001
Request SUCCESSFUL using Resumption Token 2756890|27001
Saving current object at 27.xml
Time: 2018_06_21_01_41_33, Resumption Token: 2756890|28001
Request SUCCESSFUL using Resumption Token 2756890|28001
Saving current object at 28.xml
Time: 2018_06_21_01_41_55, Resumption Token: 2756890|29001
Request SUCCESSFUL using Resumption Token 2756890|29001
Saving current object at 29.xml
Time: 2018_06_21_01_42_16, Resumption Token: 2756890|30001
Request SUCCESSFUL using Resumption Token 2756890|30001
Saving current object at 30.xml
Time: 2018_06_21_01_42_37, Resumption Token: 2756890|31001
Request SUCCESSFUL using Resumption Token 2756890|31001
Saving current object at 31.xml
Time: 2018_06_21_01_42_59, Resumption Token: 2756890|32001
Request SUCCESSFUL using Resumption Token 2756890|32001
Saving current object at 32.xml
Time: 2018_06_21_01_43_21, Resumption Token: 2756890|33001
Request SUCCESSFUL using Resumption Token 2756890|33001
Saving current object at 33.xml
Time: 2018_06_21_01_43_42, Resumption Token: 2756890|34001
Request SUCCESSFUL using Resumption Token 2756890|34001
Saving current object at 34.xml
Time: 2018_06_21_01_44_04, Resumption Token: 2756890|35001
Request SUCCESSFUL using Resumption Token 2756890|35001
Saving current object at 35.xml
Time: 2018_06_21_01_44_26, Resumption Token: 2756890|36001
Request SUCCESSFUL using Resumption Token 2756890|36001
Saving current object at 36.xml
Time: 2018_06_21_01_44_48, Resumption Token: 2756890|37001
Request SUCCESSFUL using Resumption Token 2756890|37001
Saving current object at 37.xml
Time: 2018_06_21_01_45_12, Resumption Token: 2756890|38001
Request SUCCESSFUL using Resumption Token 2756890|38001
Saving current object at 38.xml
Time: 2018_06_21_01_45_34, Resumption Token: 2756890|39001
Request SUCCESSFUL using Resumption Token 2756890|39001
Saving current object at 39.xml
Time: 2018_06_21_01_45_57, Resumption Token: 2756890|40001
Request SUCCESSFUL using Resumption Token 2756890|40001
Saving current object at 40.xml
Time: 2018_06_21_01_46_19, Resumption Token: 2756890|41001
Request SUCCESSFUL using Resumption Token 2756890|41001
Saving current object at 41.xml
Time: 2018_06_21_01_46_42, Resumption Token: 2756890|42001
Request SUCCESSFUL using Resumption Token 2756890|42001
Saving current object at 42.xml
Time: 2018_06_21_01_47_04, Resumption Token: 2756890|43001
Request SUCCESSFUL using Resumption Token 2756890|43001
Saving current object at 43.xml
Time: 2018_06_21_01_47_27, Resumption Token: 2756890|44001
Request SUCCESSFUL using Resumption Token 2756890|44001
Saving current object at 44.xml
Time: 2018_06_21_01_47_48, Resumption Token: 2756890|45001
Request SUCCESSFUL using Resumption Token 2756890|45001
Saving current object at 45.xml
Time: 2018_06_21_01_48_10, Resumption Token: 2756890|46001
Request SUCCESSFUL using Resumption Token 2756890|46001
Saving current object at 46.xml
Time: 2018_06_21_01_48_31, Resumption Token: 2756890|47001
Request SUCCESSFUL using Resumption Token 2756890|47001
Saving current object at 47.xml
Time: 2018_06_21_01_48_53, Resumption Token: 2756890|48001
Request SUCCESSFUL using Resumption Token 2756890|48001
Saving current object at 48.xml
Time: 2018_06_21_01_49_17, Resumption Token: 2756890|49001
Request SUCCESSFUL using Resumption Token 2756890|49001
Saving current object at 49.xml
Time: 2018_06_21_01_49_39, Resumption Token: 2756890|50001
Request SUCCESSFUL using Resumption Token 2756890|50001
Saving current object at 50.xml
Time: 2018_06_21_01_50_01, Resumption Token: 2756890|51001
Request SUCCESSFUL using Resumption Token 2756890|51001
Saving current object at 51.xml
Time: 2018_06_21_01_50_25, Resumption Token: 2756890|52001
Request SUCCESSFUL using Resumption Token 2756890|52001
Saving current object at 52.xml
Time: 2018_06_21_01_50_48, Resumption Token: 2756890|53001
Request SUCCESSFUL using Resumption Token 2756890|53001
Saving current object at 53.xml
Time: 2018_06_21_01_51_11, Resumption Token: 2756890|54001
Request SUCCESSFUL using Resumption Token 2756890|54001
Saving current object at 54.xml
Time: 2018_06_21_01_51_33, Resumption Token: 2756890|55001
Request SUCCESSFUL using Resumption Token 2756890|55001
Saving current object at 55.xml
Time: 2018_06_21_01_51_54, Resumption Token: 2756890|56001
Request SUCCESSFUL using Resumption Token 2756890|56001
Saving current object at 56.xml
Time: 2018_06_21_01_52_16, Resumption Token: 2756890|57001
Request SUCCESSFUL using Resumption Token 2756890|57001
Saving current object at 57.xml
Time: 2018_06_21_01_52_39, Resumption Token: 2756890|58001
Request SUCCESSFUL using Resumption Token 2756890|58001
Saving current object at 58.xml
Time: 2018_06_21_01_53_01, Resumption Token: 2756890|59001
Request SUCCESSFUL using Resumption Token 2756890|59001
Saving current object at 59.xml
Time: 2018_06_21_01_53_23, Resumption Token: 2756890|60001
Request SUCCESSFUL using Resumption Token 2756890|60001
Saving current object at 60.xml
Time: 2018_06_21_01_53_45, Resumption Token: 2756890|61001
Request SUCCESSFUL using Resumption Token 2756890|61001
Saving current object at 61.xml
Time: 2018_06_21_01_54_07, Resumption Token: 2756890|62001
Request SUCCESSFUL using Resumption Token 2756890|62001
Saving current object at 62.xml
Time: 2018_06_21_01_54_30, Resumption Token: 2756890|63001
Request SUCCESSFUL using Resumption Token 2756890|63001
Saving current object at 63.xml
Time: 2018_06_21_01_54_52, Resumption Token: 2756890|64001
Request SUCCESSFUL using Resumption Token 2756890|64001
Saving current object at 64.xml
Time: 2018_06_21_01_55_14, Resumption Token: 2756890|65001
Request SUCCESSFUL using Resumption Token 2756890|65001
Saving current object at 65.xml
Time: 2018_06_21_01_55_38, Resumption Token: 2756890|66001
Request SUCCESSFUL using Resumption Token 2756890|66001
Saving current object at 66.xml
Time: 2018_06_21_01_56_01, Resumption Token: 2756890|67001
Request SUCCESSFUL using Resumption Token 2756890|67001
Saving current object at 67.xml
Time: 2018_06_21_01_56_23, Resumption Token: 2756890|68001
Request SUCCESSFUL using Resumption Token 2756890|68001
Saving current object at 68.xml
Time: 2018_06_21_01_56_47, Resumption Token: 2756890|69001
Request SUCCESSFUL using Resumption Token 2756890|69001
Saving current object at 69.xml
Time: 2018_06_21_01_57_10, Resumption Token: 2756890|70001
Request SUCCESSFUL using Resumption Token 2756890|70001
Saving current object at 70.xml
Time: 2018_06_21_01_57_32, Resumption Token: 2756890|71001
Request SUCCESSFUL using Resumption Token 2756890|71001
Saving current object at 71.xml
Time: 2018_06_21_01_57_54, Resumption Token: 2756890|72001
Request SUCCESSFUL using Resumption Token 2756890|72001
Saving current object at 72.xml
Time: 2018_06_21_01_58_16, Resumption Token: 2756890|73001
Request SUCCESSFUL using Resumption Token 2756890|73001
Saving current object at 73.xml
Time: 2018_06_21_01_58_38, Resumption Token: 2756890|74001
Request SUCCESSFUL using Resumption Token 2756890|74001
Saving current object at 74.xml
Time: 2018_06_21_01_59_01, Resumption Token: 2756890|75001
Request SUCCESSFUL using Resumption Token 2756890|75001
Saving current object at 75.xml
Time: 2018_06_21_01_59_25, Resumption Token: 2756890|76001
Request SUCCESSFUL using Resumption Token 2756890|76001
Saving current object at 76.xml
Time: 2018_06_21_01_59_47, Resumption Token: 2756890|77001
Request SUCCESSFUL using Resumption Token 2756890|77001
Saving current object at 77.xml
Time: 2018_06_21_02_00_30, Resumption Token: 2756890|78001
Request SUCCESSFUL using Resumption Token 2756890|78001
Saving current object at 78.xml
Time: 2018_06_21_02_00_54, Resumption Token: 2756890|79001
Request SUCCESSFUL using Resumption Token 2756890|79001
Saving current object at 79.xml
Time: 2018_06_21_02_01_19, Resumption Token: 2756890|80001
Request SUCCESSFUL using Resumption Token 2756890|80001
Saving current object at 80.xml
Time: 2018_06_21_02_01_41, Resumption Token: 2756890|81001
Request SUCCESSFUL using Resumption Token 2756890|81001
Saving current object at 81.xml
Time: 2018_06_21_02_02_03, Resumption Token: 2756890|82001
Request SUCCESSFUL using Resumption Token 2756890|82001
Saving current object at 82.xml
Time: 2018_06_21_02_02_25, Resumption Token: 2756890|83001
Request SUCCESSFUL using Resumption Token 2756890|83001
Saving current object at 83.xml
Time: 2018_06_21_02_02_47, Resumption Token: 2756890|84001
Request SUCCESSFUL using Resumption Token 2756890|84001
Saving current object at 84.xml
Time: 2018_06_21_02_03_10, Resumption Token: 2756890|85001
Request SUCCESSFUL using Resumption Token 2756890|85001
Saving current object at 85.xml
Time: 2018_06_21_02_03_33, Resumption Token: 2756890|86001
Request SUCCESSFUL using Resumption Token 2756890|86001
Saving current object at 86.xml
Time: 2018_06_21_02_03_56, Resumption Token: 2756890|87001
Request SUCCESSFUL using Resumption Token 2756890|87001
Saving current object at 87.xml
Time: 2018_06_21_02_04_19, Resumption Token: 2756890|88001
Request SUCCESSFUL using Resumption Token 2756890|88001
Saving current object at 88.xml
Time: 2018_06_21_02_04_42, Resumption Token: 2756890|89001
Request SUCCESSFUL using Resumption Token 2756890|89001
Saving current object at 89.xml
Time: 2018_06_21_02_05_06, Resumption Token: 2756890|90001
Request SUCCESSFUL using Resumption Token 2756890|90001
Saving current object at 90.xml
Time: 2018_06_21_02_05_30, Resumption Token: 2756890|91001
Request SUCCESSFUL using Resumption Token 2756890|91001
Saving current object at 91.xml
Time: 2018_06_21_02_05_54, Resumption Token: 2756890|92001
Request SUCCESSFUL using Resumption Token 2756890|92001
Saving current object at 92.xml
Time: 2018_06_21_02_06_19, Resumption Token: 2756890|93001
Request SUCCESSFUL using Resumption Token 2756890|93001
Saving current object at 93.xml
Time: 2018_06_21_02_06_42, Resumption Token: 2756890|94001
Request SUCCESSFUL using Resumption Token 2756890|94001
Saving current object at 94.xml
Time: 2018_06_21_02_07_05, Resumption Token: 2756890|95001
Request SUCCESSFUL using Resumption Token 2756890|95001
Saving current object at 95.xml
Time: 2018_06_21_02_07_27, Resumption Token: 2756890|96001
Request SUCCESSFUL using Resumption Token 2756890|96001
Saving current object at 96.xml
Time: 2018_06_21_02_07_50, Resumption Token: 2756890|97001
Request SUCCESSFUL using Resumption Token 2756890|97001
Saving current object at 97.xml
Time: 2018_06_21_02_08_13, Resumption Token: 2756890|98001
Request SUCCESSFUL using Resumption Token 2756890|98001
Saving current object at 98.xml
Time: 2018_06_21_02_08_34, Resumption Token: 2756890|99001
Request SUCCESSFUL using Resumption Token 2756890|99001
Saving current object at 99.xml
Time: 2018_06_21_02_08_57, Resumption Token: 2756890|100001
Request SUCCESSFUL using Resumption Token 2756890|100001
Saving current object at 100.xml
Time: 2018_06_21_02_09_19, Resumption Token: 2756890|101001
Request SUCCESSFUL using Resumption Token 2756890|101001
Saving current object at 101.xml
Time: 2018_06_21_02_09_42, Resumption Token: 2756890|102001
Request SUCCESSFUL using Resumption Token 2756890|102001
Saving current object at 102.xml
Time: 2018_06_21_02_10_04, Resumption Token: 2756890|103001
Request SUCCESSFUL using Resumption Token 2756890|103001
Saving current object at 103.xml
Time: 2018_06_21_02_10_28, Resumption Token: 2756890|104001
Request SUCCESSFUL using Resumption Token 2756890|104001
Saving current object at 104.xml
Time: 2018_06_21_02_10_50, Resumption Token: 2756890|105001
Request SUCCESSFUL using Resumption Token 2756890|105001
Saving current object at 105.xml
Time: 2018_06_21_02_11_13, Resumption Token: 2756890|106001
Request SUCCESSFUL using Resumption Token 2756890|106001
Saving current object at 106.xml
Time: 2018_06_21_02_11_36, Resumption Token: 2756890|107001
Request SUCCESSFUL using Resumption Token 2756890|107001
Saving current object at 107.xml
Time: 2018_06_21_02_11_59, Resumption Token: 2756890|108001
Request SUCCESSFUL using Resumption Token 2756890|108001
Saving current object at 108.xml
Time: 2018_06_21_02_12_22, Resumption Token: 2756890|109001
Request SUCCESSFUL using Resumption Token 2756890|109001
Saving current object at 109.xml
Time: 2018_06_21_02_12_45, Resumption Token: 2756890|110001
Request SUCCESSFUL using Resumption Token 2756890|110001
Saving current object at 110.xml
Time: 2018_06_21_02_13_08, Resumption Token: 2756890|111001
Request SUCCESSFUL using Resumption Token 2756890|111001
Saving current object at 111.xml
Time: 2018_06_21_02_13_30, Resumption Token: 2756890|112001
Request SUCCESSFUL using Resumption Token 2756890|112001
Saving current object at 112.xml
Time: 2018_06_21_02_13_54, Resumption Token: 2756890|113001
Request SUCCESSFUL using Resumption Token 2756890|113001
Saving current object at 113.xml
Time: 2018_06_21_02_14_17, Resumption Token: 2756890|114001
Request SUCCESSFUL using Resumption Token 2756890|114001
Saving current object at 114.xml
Time: 2018_06_21_02_14_40, Resumption Token: 2756890|115001
Request SUCCESSFUL using Resumption Token 2756890|115001
Saving current object at 115.xml
Time: 2018_06_21_02_15_03, Resumption Token: 2756890|116001
Request SUCCESSFUL using Resumption Token 2756890|116001
Saving current object at 116.xml
Time: 2018_06_21_02_15_30, Resumption Token: 2756890|117001
Request SUCCESSFUL using Resumption Token 2756890|117001
Saving current object at 117.xml
Time: 2018_06_21_02_15_53, Resumption Token: 2756890|118001
Request SUCCESSFUL using Resumption Token 2756890|118001
Saving current object at 118.xml
Time: 2018_06_21_02_16_17, Resumption Token: 2756890|119001
Request SUCCESSFUL using Resumption Token 2756890|119001
Saving current object at 119.xml
Time: 2018_06_21_02_16_41, Resumption Token: 2756890|120001
Request SUCCESSFUL using Resumption Token 2756890|120001
Saving current object at 120.xml
Time: 2018_06_21_02_17_04, Resumption Token: 2756890|121001
Request SUCCESSFUL using Resumption Token 2756890|121001
Saving current object at 121.xml
Time: 2018_06_21_02_17_27, Resumption Token: 2756890|122001
Request SUCCESSFUL using Resumption Token 2756890|122001
Saving current object at 122.xml
Time: 2018_06_21_02_17_49, Resumption Token: 2756890|123001
Request SUCCESSFUL using Resumption Token 2756890|123001
Saving current object at 123.xml
Time: 2018_06_21_02_18_10, Resumption Token: 2756890|124001
Request SUCCESSFUL using Resumption Token 2756890|124001
Saving current object at 124.xml
Time: 2018_06_21_02_18_31, Resumption Token: 2756890|125001
Request SUCCESSFUL using Resumption Token 2756890|125001
Saving current object at 125.xml
Time: 2018_06_21_02_18_52, Resumption Token: 2756890|126001
Request SUCCESSFUL using Resumption Token 2756890|126001
Saving current object at 126.xml
Time: 2018_06_21_02_19_14, Resumption Token: 2756890|127001
Request SUCCESSFUL using Resumption Token 2756890|127001
Saving current object at 127.xml
Time: 2018_06_21_02_19_35, Resumption Token: 2756890|128001
Request SUCCESSFUL using Resumption Token 2756890|128001
Saving current object at 128.xml
Time: 2018_06_21_02_19_57, Resumption Token: 2756890|129001
Request SUCCESSFUL using Resumption Token 2756890|129001
Saving current object at 129.xml
Time: 2018_06_21_02_20_20, Resumption Token: 2756890|130001
Request SUCCESSFUL using Resumption Token 2756890|130001
Saving current object at 130.xml
Time: 2018_06_21_02_20_40, Resumption Token: 2756890|131001
Request SUCCESSFUL using Resumption Token 2756890|131001
Saving current object at 131.xml
Time: 2018_06_21_02_21_02, Resumption Token: 2756890|132001
Request SUCCESSFUL using Resumption Token 2756890|132001
Saving current object at 132.xml
Time: 2018_06_21_02_21_24, Resumption Token: 2756890|133001
Request SUCCESSFUL using Resumption Token 2756890|133001
Saving current object at 133.xml
Time: 2018_06_21_02_21_45, Resumption Token: 2756890|134001
Request SUCCESSFUL using Resumption Token 2756890|134001
Saving current object at 134.xml
Time: 2018_06_21_02_22_06, Resumption Token: 2756890|135001
Request SUCCESSFUL using Resumption Token 2756890|135001
Saving current object at 135.xml
Time: 2018_06_21_02_22_27, Resumption Token: 2756890|136001
Request SUCCESSFUL using Resumption Token 2756890|136001
Saving current object at 136.xml
Time: 2018_06_21_02_22_48, Resumption Token: 2756890|137001
Request SUCCESSFUL using Resumption Token 2756890|137001
Saving current object at 137.xml
Time: 2018_06_21_02_23_09, Resumption Token: 2756890|138001
Request SUCCESSFUL using Resumption Token 2756890|138001
Saving current object at 138.xml
Time: 2018_06_21_02_23_30, Resumption Token: 2756890|139001
Request SUCCESSFUL using Resumption Token 2756890|139001
Saving current object at 139.xml
Time: 2018_06_21_02_23_51, Resumption Token: 2756890|140001
Request SUCCESSFUL using Resumption Token 2756890|140001
Saving current object at 140.xml
Time: 2018_06_21_02_24_12, Resumption Token: 2756890|141001
Request SUCCESSFUL using Resumption Token 2756890|141001
Saving current object at 141.xml
Time: 2018_06_21_02_24_34, Resumption Token: 2756890|142001
Request SUCCESSFUL using Resumption Token 2756890|142001
Saving current object at 142.xml
Time: 2018_06_21_02_24_56, Resumption Token: 2756890|143001
Request SUCCESSFUL using Resumption Token 2756890|143001
Saving current object at 143.xml
Time: 2018_06_21_02_25_18, Resumption Token: 2756890|144001
Request SUCCESSFUL using Resumption Token 2756890|144001
Saving current object at 144.xml
Time: 2018_06_21_02_25_40, Resumption Token: 2756890|145001
Request SUCCESSFUL using Resumption Token 2756890|145001
Saving current object at 145.xml
Time: 2018_06_21_02_26_02, Resumption Token: 2756890|146001
Request SUCCESSFUL using Resumption Token 2756890|146001
Saving current object at 146.xml
Time: 2018_06_21_02_26_24, Resumption Token: 2756890|147001
Request SUCCESSFUL using Resumption Token 2756890|147001
Saving current object at 147.xml
Time: 2018_06_21_02_26_46, Resumption Token: 2756890|148001
Request SUCCESSFUL using Resumption Token 2756890|148001
Saving current object at 148.xml
Time: 2018_06_21_02_27_08, Resumption Token: 2756890|149001
Request SUCCESSFUL using Resumption Token 2756890|149001
Saving current object at 149.xml
Time: 2018_06_21_02_27_29, Resumption Token: 2756890|150001
Request SUCCESSFUL using Resumption Token 2756890|150001
Saving current object at 150.xml
Time: 2018_06_21_02_27_51, Resumption Token: 2756890|151001
Request SUCCESSFUL using Resumption Token 2756890|151001
Saving current object at 151.xml
Time: 2018_06_21_02_28_12, Resumption Token: 2756890|152001
Request SUCCESSFUL using Resumption Token 2756890|152001
Saving current object at 152.xml
Time: 2018_06_21_02_28_34, Resumption Token: 2756890|153001
Request SUCCESSFUL using Resumption Token 2756890|153001
Saving current object at 153.xml
Time: 2018_06_21_02_28_55, Resumption Token: 2756890|154001
Request SUCCESSFUL using Resumption Token 2756890|154001
Saving current object at 154.xml
Time: 2018_06_21_02_29_17, Resumption Token: 2756890|155001
Request SUCCESSFUL using Resumption Token 2756890|155001
Saving current object at 155.xml
Time: 2018_06_21_02_29_38, Resumption Token: 2756890|156001
Request SUCCESSFUL using Resumption Token 2756890|156001
Saving current object at 156.xml
Time: 2018_06_21_02_30_00, Resumption Token: 2756890|157001
Request SUCCESSFUL using Resumption Token 2756890|157001
Saving current object at 157.xml
Time: 2018_06_21_02_30_24, Resumption Token: 2756890|158001
Request SUCCESSFUL using Resumption Token 2756890|158001
Saving current object at 158.xml
Time: 2018_06_21_02_30_46, Resumption Token: 2756890|159001
Request SUCCESSFUL using Resumption Token 2756890|159001
Saving current object at 159.xml
Time: 2018_06_21_02_31_09, Resumption Token: 2756890|160001
